d:\study\third semester\dsa_fareedulhassan\projects\lsll\lsll\debug\vc120.pdb
d:\study\third semester\dsa_fareedulhassan\projects\lsll\lsll\debug\vc120.idb
d:\study\third semester\dsa_fareedulhassan\projects\lsll\lsll\debug\driver.obj
d:\study\third semester\dsa_fareedulhassan\projects\lsll\lsll\debug\node.obj
d:\study\third semester\dsa_fareedulhassan\projects\lsll\lsll\debug\lsll.obj
d:\study\third semester\dsa_fareedulhassan\projects\lsll\debug\lsll.ilk
d:\study\third semester\dsa_fareedulhassan\projects\lsll\debug\lsll.exe
d:\study\third semester\dsa_fareedulhassan\projects\lsll\debug\lsll.pdb
d:\study\3rd semester\dsa_fareedulhassan\projects\lsll\lsll\debug\driver.obj
d:\study\3rd semester\dsa_fareedulhassan\projects\lsll\lsll\debug\lsll.obj
d:\study\3rd semester\dsa_fareedulhassan\projects\lsll\lsll\debug\node.obj
d:\study\3rd semester\dsa_fareedulhassan\projects\lsll\lsll\debug\vc120.idb
d:\study\3rd semester\dsa_fareedulhassan\projects\lsll\lsll\debug\vc120.pdb
d:\study\3rd semester\dsa_fareedulhassan\projects\lsll\debug\lsll.pdb
d:\study\3rd semester\dsa_fareedulhassan\projects\lsll\debug\lsll.exe
d:\study\3rd semester\dsa_fareedulhassan\projects\lsll\debug\lsll.ilk
d:\study\3rd semester\dsa_fareedulhassan\projects\lsll\lsll\debug\lsll.tlog\cl.command.1.tlog
d:\study\3rd semester\dsa_fareedulhassan\projects\lsll\lsll\debug\lsll.tlog\cl.read.1.tlog
d:\study\3rd semester\dsa_fareedulhassan\projects\lsll\lsll\debug\lsll.tlog\cl.write.1.tlog
d:\study\3rd semester\dsa_fareedulhassan\projects\lsll\lsll\debug\lsll.tlog\link.command.1.tlog
d:\study\3rd semester\dsa_fareedulhassan\projects\lsll\lsll\debug\lsll.tlog\link.read.1.tlog
d:\study\3rd semester\dsa_fareedulhassan\projects\lsll\lsll\debug\lsll.tlog\link.write.1.tlog
