d:\study\third semester\dsa_fareedulhassan\projects\csll\csll\debug\vc120.pdb
d:\study\third semester\dsa_fareedulhassan\projects\csll\csll\debug\vc120.idb
d:\study\third semester\dsa_fareedulhassan\projects\csll\csll\debug\csll.obj
d:\study\third semester\dsa_fareedulhassan\projects\csll\csll\debug\driver.obj
d:\study\third semester\dsa_fareedulhassan\projects\csll\csll\debug\node.obj
d:\study\third semester\dsa_fareedulhassan\projects\csll\debug\csll.ilk
d:\study\third semester\dsa_fareedulhassan\projects\csll\debug\csll.exe
d:\study\third semester\dsa_fareedulhassan\projects\csll\debug\csll.pdb
d:\study\3rd semester\dsa_fareedulhassan\projects\csll\csll\debug\csll.obj
d:\study\3rd semester\dsa_fareedulhassan\projects\csll\csll\debug\driver.obj
d:\study\3rd semester\dsa_fareedulhassan\projects\csll\csll\debug\node.obj
d:\study\3rd semester\dsa_fareedulhassan\projects\csll\csll\debug\vc120.idb
d:\study\3rd semester\dsa_fareedulhassan\projects\csll\csll\debug\vc120.pdb
d:\study\3rd semester\dsa_fareedulhassan\projects\csll\debug\csll.pdb
d:\study\3rd semester\dsa_fareedulhassan\projects\csll\debug\csll.exe
d:\study\3rd semester\dsa_fareedulhassan\projects\csll\debug\csll.ilk
d:\study\3rd semester\dsa_fareedulhassan\projects\csll\csll\debug\csll.tlog\cl.command.1.tlog
d:\study\3rd semester\dsa_fareedulhassan\projects\csll\csll\debug\csll.tlog\cl.read.1.tlog
d:\study\3rd semester\dsa_fareedulhassan\projects\csll\csll\debug\csll.tlog\cl.write.1.tlog
d:\study\3rd semester\dsa_fareedulhassan\projects\csll\csll\debug\csll.tlog\link.command.1.tlog
d:\study\3rd semester\dsa_fareedulhassan\projects\csll\csll\debug\csll.tlog\link.read.1.tlog
d:\study\3rd semester\dsa_fareedulhassan\projects\csll\csll\debug\csll.tlog\link.write.1.tlog
